# JRE version: OpenJDK Runtime Environment Temurin-17.0.5+8 (17.0.5+8) (build 17.0.5+8)
# Java VM: OpenJDK 64-Bit Server VM Temurin-17.0.5+8 (17.0.5+8, mixed mode, emulated-client, tiered, compressed oops, compressed class ptrs, g1 gc, windows-amd64)
GC Precious Log:
 CPUs: 4 total, 4 available
 Memory: 8082M
 Large Page Support: Disabled
 NUMA Support: Disabled
 Compressed Oops: Enabled (32-bit)
 Heap Region Size: 1M
 Heap Min Capacity: 8M
 Heap Initial Capacity: 128M
 Heap Max Capacity: 2022M
 Pre-touch: Disabled
 Parallel Workers: 4
 Concurrent Workers: 1
 Concurrent Refinement Workers: 4
 Periodic GC: Disabled
Heap:
 garbage-first heap   total 61440K, used 33669K [0x0000000081a00000, 0x0000000100000000)
  region size 1024K, 12 young (12288K), 2 survivors (2048K)
 Metaspace       used 65066K, committed 65600K, reserved 1105920K
  class space    used 8836K, committed 9088K, reserved 1048576K
GC Heap History (20 events):
Event: 4.385 GC heap before
{Heap before GC invocations=5 (full 0):
 garbage-first heap   total 37888K, used 26713K [0x0000000081a00000, 0x0000000100000000)
  region size 1024K, 22 young (22528K), 3 survivors (3072K)
 Metaspace       used 24976K, committed 25280K, reserved 1073152K
  class space    used 3091K, committed 3200K, reserved 1048576K
}
Event: 4.393 GC heap after
{Heap after GC invocations=6 (full 0):
 garbage-first heap   total 37888K, used 10450K [0x0000000081a00000, 0x0000000100000000)
  region size 1024K, 4 young (4096K), 4 survivors (4096K)
 Metaspace       used 24976K, committed 25280K, reserved 1073152K
  class space    used 3091K, committed 3200K, reserved 1048576K
}
Event: 4.411 GC heap before
{Heap before GC invocations=6 (full 0):
 garbage-first heap   total 37888K, used 11474K [0x0000000081a00000, 0x0000000100000000)
  region size 1024K, 5 young (5120K), 4 survivors (4096K)
 Metaspace       used 25172K, committed 25472K, reserved 1073152K
  class space    used 3104K, committed 3200K, reserved 1048576K
}
Event: 4.420 GC heap after
{Heap after GC invocations=7 (full 0):
 garbage-first heap   total 37888K, used 10959K [0x0000000081a00000, 0x0000000100000000)
  region size 1024K, 1 young (1024K), 1 survivors (1024K)
 Metaspace       used 25172K, committed 25472K, reserved 1073152K
  class space    used 3104K, committed 3200K, reserved 1048576K
}
Event: 4.662 GC heap before
{Heap before GC invocations=7 (full 0):
 garbage-first heap   total 37888K, used 25295K [0x0000000081a00000, 0x0000000100000000)
  region size 1024K, 15 young (15360K), 1 survivors (1024K)
 Metaspace       used 28183K, committed 28480K, reserved 1081344K
  class space    used 3420K, committed 3584K, reserved 1048576K
}
Event: 4.665 GC heap after
{Heap after GC invocations=8 (full 0):
 garbage-first heap   total 75776K, used 11617K [0x0000000081a00000, 0x0000000100000000)
  region size 1024K, 2 young (2048K), 2 survivors (2048K)
 Metaspace       used 28183K, committed 28480K, reserved 1081344K
  class space    used 3420K, committed 3584K, reserved 1048576K
}
Event: 5.682 GC heap before
{Heap before GC invocations=8 (full 0):
 garbage-first heap   total 75776K, used 53601K [0x0000000081a00000, 0x0000000100000000)
  region size 1024K, 44 young (45056K), 2 survivors (2048K)
 Metaspace       used 32893K, committed 33216K, reserved 1081344K
  class space    used 4145K, committed 4288K, reserved 1048576K
}
Event: 5.690 GC heap after
{Heap after GC invocations=9 (full 0):
 garbage-first heap   total 75776K, used 14377K [0x0000000081a00000, 0x0000000100000000)
  region size 1024K, 4 young (4096K), 4 survivors (4096K)
 Metaspace       used 32893K, committed 33216K, reserved 1081344K
  class space    used 4145K, committed 4288K, reserved 1048576K
}
Event: 6.190 GC heap before
{Heap before GC invocations=9 (full 0):
 garbage-first heap   total 75776K, used 28713K [0x0000000081a00000, 0x0000000100000000)
  region size 1024K, 19 young (19456K), 4 survivors (4096K)
 Metaspace       used 35553K, committed 35968K, reserved 1081344K
  class space    used 4551K, committed 4800K, reserved 1048576K
}
Event: 6.199 GC heap after
{Heap after GC invocations=10 (full 0):
 garbage-first heap   total 75776K, used 16087K [0x0000000081a00000, 0x0000000100000000)
  region size 1024K, 5 young (5120K), 5 survivors (5120K)
 Metaspace       used 35553K, committed 35968K, reserved 1081344K
  class space    used 4551K, committed 4800K, reserved 1048576K
}
Event: 7.461 GC heap before
{Heap before GC invocations=11 (full 0):
 garbage-first heap   total 61440K, used 46807K [0x0000000081a00000, 0x0000000100000000)
  region size 1024K, 36 young (36864K), 5 survivors (5120K)
 Metaspace       used 40275K, committed 40768K, reserved 1089536K
  class space    used 5183K, committed 5440K, reserved 1048576K
}
Event: 7.473 GC heap after
{Heap after GC invocations=12 (full 0):
 garbage-first heap   total 61440K, used 18865K [0x0000000081a00000, 0x0000000100000000)
  region size 1024K, 5 young (5120K), 5 survivors (5120K)
 Metaspace       used 40275K, committed 40768K, reserved 1089536K
  class space    used 5183K, committed 5440K, reserved 1048576K
}
Event: 8.458 GC heap before
{Heap before GC invocations=12 (full 0):
 garbage-first heap   total 61440K, used 44465K [0x0000000081a00000, 0x0000000100000000)
  region size 1024K, 31 young (31744K), 5 survivors (5120K)
 Metaspace       used 48484K, committed 48960K, reserved 1097728K
  class space    used 6315K, committed 6528K, reserved 1048576K
}
Event: 8.467 GC heap after
{Heap after GC invocations=13 (full 0):
 garbage-first heap   total 61440K, used 20962K [0x0000000081a00000, 0x0000000100000000)
  region size 1024K, 3 young (3072K), 3 survivors (3072K)
 Metaspace       used 48484K, committed 48960K, reserved 1097728K
  class space    used 6315K, committed 6528K, reserved 1048576K
}
Event: 9.666 GC heap before
{Heap before GC invocations=13 (full 0):
 garbage-first heap   total 61440K, used 45538K [0x0000000081a00000, 0x0000000100000000)
  region size 1024K, 28 young (28672K), 3 survivors (3072K)
 Metaspace       used 55722K, committed 56256K, reserved 1097728K
  class space    used 7292K, committed 7552K, reserved 1048576K
}
Event: 9.674 GC heap after
{Heap after GC invocations=14 (full 0):
 garbage-first heap   total 61440K, used 22905K [0x0000000081a00000, 0x0000000100000000)
  region size 1024K, 3 young (3072K), 3 survivors (3072K)
 Metaspace       used 55722K, committed 56256K, reserved 1097728K
  class space    used 7292K, committed 7552K, reserved 1048576K
}
Event: 10.156 GC heap before
{Heap before GC invocations=14 (full 0):
 garbage-first heap   total 61440K, used 37241K [0x0000000081a00000, 0x0000000100000000)
  region size 1024K, 18 young (18432K), 3 survivors (3072K)
 Metaspace       used 59719K, committed 60160K, reserved 1105920K
  class space    used 7896K, committed 8128K, reserved 1048576K
}
Event: 10.162 GC heap after
{Heap after GC invocations=15 (full 0):
 garbage-first heap   total 61440K, used 23503K [0x0000000081a00000, 0x0000000100000000)
  region size 1024K, 3 young (3072K), 3 survivors (3072K)
 Metaspace       used 59719K, committed 60160K, reserved 1105920K
  class space    used 7896K, committed 8128K, reserved 1048576K
}
Event: 11.529 GC heap before
{Heap before GC invocations=16 (full 0):
 garbage-first heap   total 61440K, used 48079K [0x0000000081a00000, 0x0000000100000000)
  region size 1024K, 27 young (27648K), 3 survivors (3072K)
 Metaspace       used 63376K, committed 63872K, reserved 1105920K
  class space    used 8606K, committed 8832K, reserved 1048576K
}
Event: 11.535 GC heap after
{Heap after GC invocations=17 (full 0):
 garbage-first heap   total 61440K, used 24453K [0x0000000081a00000, 0x0000000100000000)
  region size 1024K, 2 young (2048K), 2 survivors (2048K)
 Metaspace       used 63376K, committed 63872K, reserved 1105920K
  class space    used 8606K, committed 8832K, reserved 1048576K
}

